[2023-12-20 11:45:59] request.INFO: Matched route "admin_themes_import". {"route":"admin_themes_import","route_parameters":{"_route":"admin_themes_import","_controller":"PrestaShopBundle\\Controller\\Admin\\Improve\\Design\\ThemeController::importAction","_legacy_controller":"AdminThemes","_legacy_link":"AdminThemes:importtheme"},"request_uri":"http://tune4style.local/admin3355/index.php/improve/design/themes/import?_token=dVxri-KuHX7QR4tVaXijop71eSQkdL-wc6TyU3KuyHo","method":"POST"} []
[2023-12-20 11:45:59] security.DEBUG: Read existing security token from the session. {"key":"_security_main","token_class":"Symfony\\Component\\Security\\Core\\Authentication\\Token\\UsernamePasswordToken"} []
[2023-12-20 11:45:59] security.DEBUG: User was reloaded from a user provider. {"provider":"PrestaShopBundle\\Security\\Admin\\EmployeeProvider","username":"ricardo@allstars-web.com"} []
[2023-12-20 11:46:00] app.ERROR: No result was found for query although at least one row was expected. {"object_type":"Translation"} []
[2023-12-20 11:46:00] app.ERROR: No result was found for query although at least one row was expected. {"object_type":"Translation"} []
[2023-12-20 11:46:00] app.ERROR: No result was found for query although at least one row was expected. {"object_type":"Translation"} []
[2023-12-20 11:46:00] app.ERROR: No result was found for query although at least one row was expected. {"object_type":"Translation"} []
[2023-12-20 11:46:00] app.ERROR: No result was found for query although at least one row was expected. {"object_type":"Translation"} []
[2023-12-20 11:46:00] app.ERROR: No result was found for query although at least one row was expected. {"object_type":"Translation"} []
[2023-12-20 11:46:00] app.ERROR: No result was found for query although at least one row was expected. {"object_type":"Translation"} []
[2023-12-20 11:46:00] app.ERROR: No result was found for query although at least one row was expected. {"object_type":"Translation"} []
[2023-12-20 11:46:00] app.ERROR: No result was found for query although at least one row was expected. {"object_type":"Translation"} []
[2023-12-20 11:46:00] app.ERROR: No result was found for query although at least one row was expected. {"object_type":"Translation"} []
[2023-12-20 11:46:00] app.ERROR: No result was found for query although at least one row was expected. {"object_type":"Translation"} []
[2023-12-20 11:46:00] app.ERROR: No result was found for query although at least one row was expected. {"object_type":"Translation"} []
[2023-12-20 11:46:00] app.ERROR: No result was found for query although at least one row was expected. {"object_type":"Translation"} []
[2023-12-20 11:46:00] app.ERROR: No result was found for query although at least one row was expected. {"object_type":"Translation"} []
[2023-12-20 11:46:00] app.ERROR: No result was found for query although at least one row was expected. {"object_type":"Translation"} []
[2023-12-20 11:46:00] app.ERROR: No result was found for query although at least one row was expected. {"object_type":"Translation"} []
[2023-12-20 11:46:01] app.ERROR: No result was found for query although at least one row was expected. {"object_type":"Translation"} []
[2023-12-20 11:46:01] app.ERROR: No result was found for query although at least one row was expected. {"object_type":"Translation"} []
[2023-12-20 11:46:01] app.ERROR: No result was found for query although at least one row was expected. {"object_type":"Translation"} []
[2023-12-20 11:46:01] app.ERROR: No result was found for query although at least one row was expected. {"object_type":"Translation"} []
[2023-12-20 11:46:01] app.ERROR: No result was found for query although at least one row was expected. {"object_type":"Translation"} []
[2023-12-20 11:46:01] app.ERROR: No result was found for query although at least one row was expected. {"object_type":"Translation"} []
[2023-12-20 11:46:01] app.ERROR: No result was found for query although at least one row was expected. {"object_type":"Translation"} []
[2023-12-20 11:46:01] app.ERROR: No result was found for query although at least one row was expected. {"object_type":"Translation"} []
[2023-12-20 11:46:01] security.DEBUG: Stored the security token in the session. {"key":"_security_main"} []
